<?xml version="1.0" encoding="UTF-8"?>
<!-- Generated by org.testng.reporters.JUnitXMLReporter -->
<testsuite ignored="1" hostname="LAPTOP-KSSI94B9" failures="0" tests="1" name="Default test" time="6.736" errors="0" timestamp="2025-03-24T19:38:01 IST">
  <testcase classname="testScript.AdminUserTest" name="verifyWhetherUserIsAbleToSearchAdminUser" time="3.089"/>
  <testcase classname="testScript.AdminUserTest" name="verifyWhetherTheUserIsAbleToAddNewUserToTheUsersList" time="0.0">
    <ignored/>
  </testcase> <!-- verifyWhetherTheUserIsAbleToAddNewUserToTheUsersList -->
</testsuite> <!-- Default test -->
