<?xml version="1.0" encoding="UTF-8"?>
<testng-results ignored="0" total="1" passed="1" failed="0" skipped="0">
  <reporter-output>
  </reporter-output>
  <suite started-at="2025-03-24T19:37:54 IST" name="Default suite" finished-at="2025-03-24T19:38:01 IST" duration-ms="6736">
    <groups>
    </groups>
    <test started-at="2025-03-24T19:37:54 IST" name="Default test" finished-at="2025-03-24T19:38:01 IST" duration-ms="6736">
      <class name="testScript.AdminUserTest">
        <test-method is-config="true" signature="initializeBrowser()[pri:0, instance:testScript.AdminUserTest@4b2bac3f]" started-at="2025-03-24T19:37:54 IST" name="initializeBrowser" finished-at="2025-03-24T19:37:58 IST" duration-ms="3144" status="PASS">
          <reporter-output>
          </reporter-output>
        </test-method> <!-- initializeBrowser -->
        <test-method signature="verifyWhetherUserIsAbleToSearchAdminUser()[pri:0, instance:testScript.AdminUserTest@4b2bac3f]" started-at="2025-03-24T19:37:58 IST" name="verifyWhetherUserIsAbleToSearchAdminUser" finished-at="2025-03-24T19:38:01 IST" duration-ms="3089" status="PASS">
          <reporter-output>
          </reporter-output>
        </test-method> <!-- verifyWhetherUserIsAbleToSearchAdminUser -->
        <test-method is-config="true" signature="driverQuit(org.testng.ITestResult)[pri:0, instance:testScript.AdminUserTest@4b2bac3f]" started-at="2025-03-24T19:38:01 IST" name="driverQuit" finished-at="2025-03-24T19:38:01 IST" duration-ms="468" status="PASS">
          <params>
            <param index="0">
              <value>
                <![CDATA[[TestResult name=verifyWhetherUserIsAbleToSearchAdminUser status=SUCCESS method=AdminUserTest.verifyWhetherUserIsAbleToSearchAdminUser()[pri:0, instance:testScript.AdminUserTest@4b2bac3f] output={null}]]]>
              </value>
            </param>
          </params>
          <reporter-output>
          </reporter-output>
        </test-method> <!-- driverQuit -->
      </class> <!-- testScript.AdminUserTest -->
    </test> <!-- Default test -->
  </suite> <!-- Default suite -->
</testng-results>
