<?xml version="1.0" encoding="UTF-8"?>
<testng-results ignored="0" total="1" passed="1" failed="0" skipped="0">
  <reporter-output>
  </reporter-output>
  <suite started-at="2025-03-12T17:30:48 IST" name="Default suite" finished-at="2025-03-12T17:30:54 IST" duration-ms="5740">
    <groups>
    </groups>
    <test started-at="2025-03-12T17:30:48 IST" name="Default test" finished-at="2025-03-12T17:30:54 IST" duration-ms="5740">
      <class name="testScript.ManageNewsTest">
        <test-method is-config="true" signature="initializeBrowser()[pri:0, instance:testScript.ManageNewsTest@5bda8e08]" started-at="2025-03-12T17:30:48 IST" name="initializeBrowser" finished-at="2025-03-12T17:30:51 IST" duration-ms="3354" status="PASS">
          <reporter-output>
          </reporter-output>
        </test-method> <!-- initializeBrowser -->
        <test-method signature="verifyWhetherUserIsAbleToAccessManageNewsTest()[pri:0, instance:testScript.ManageNewsTest@5bda8e08]" started-at="2025-03-12T17:30:51 IST" name="verifyWhetherUserIsAbleToAccessManageNewsTest" finished-at="2025-03-12T17:30:54 IST" duration-ms="2346" status="PASS">
          <reporter-output>
          </reporter-output>
        </test-method> <!-- verifyWhetherUserIsAbleToAccessManageNewsTest -->
        <test-method is-config="true" signature="closeandQuit()[pri:0, instance:testScript.ManageNewsTest@5bda8e08]" started-at="2025-03-12T17:30:54 IST" name="closeandQuit" finished-at="2025-03-12T17:30:54 IST" duration-ms="1" status="PASS">
          <reporter-output>
          </reporter-output>
        </test-method> <!-- closeandQuit -->
      </class> <!-- testScript.ManageNewsTest -->
    </test> <!-- Default test -->
  </suite> <!-- Default suite -->
</testng-results>
