<?xml version="1.0" encoding="UTF-8"?>
<!-- Generated by org.testng.reporters.JUnitXMLReporter -->
<testsuite ignored="0" hostname="LAPTOP-KSSI94B9" failures="0" tests="2" name="Test1" time="8.799" errors="0" timestamp="2025-03-27T11:53:44 IST">
  <testcase classname="testScript.HomeTest" name="verifyWhetherUserIsAbleToLogoutAfterSuccessfulLogin" time="0.249">
    <skipped/>
  </testcase> <!-- verifyWhetherUserIsAbleToLogoutAfterSuccessfulLogin -->
  <testcase classname="testScript.HomeTest" name="verifyWhetherUserIsAbleToLogoutAfterSuccessfulLogin" time="1.961"/>
</testsuite> <!-- Test1 -->
